The system is: Linux - 3.13.0-40-generic - x86_64
Compiling the C compiler identification source file "CMakeCCompilerId.c" succeeded.
Compiler: /usr/bin/cc 
Build flags: 
Id flags: 

The output was:
0


Compilation of the C compiler identification source "CMakeCCompilerId.c" produced "a.out"

The C compiler identification is GNU, found in "/home/pointbach/Escritorio/Version 3/Cliente/build/CMakeFiles/3.1.0-rc2/CompilerIdC/a.out"

Compiling the CXX compiler identification source file "CMakeCXXCompilerId.cpp" succeeded.
Compiler: /usr/bin/c++ 
Build flags: 
Id flags: 

The output was:
0


Compilation of the CXX compiler identification source "CMakeCXXCompilerId.cpp" produced "a.out"

The CXX compiler identification is GNU, found in "/home/pointbach/Escritorio/Version 3/Cliente/build/CMakeFiles/3.1.0-rc2/CompilerIdCXX/a.out"

Determining if the C compiler works passed with the following output:
Change Dir: /home/pointbach/Escritorio/Version 3/Cliente/build/CMakeFiles/CMakeTmp

Run Build Command:"/usr/bin/make" "cmTryCompileExec1764896764/fast"
/usr/bin/make -f CMakeFiles/cmTryCompileExec1764896764.dir/build.make CMakeFiles/cmTryCompileExec1764896764.dir/build
make[1]: se ingresa al directorio «/home/pointbach/Escritorio/Version 3/Cliente/build/CMakeFiles/CMakeTmp»
/usr/local/bin/cmake -E cmake_progress_report "/home/pointbach/Escritorio/Version 3/Cliente/build/CMakeFiles/CMakeTmp/CMakeFiles" 1
Building C object CMakeFiles/cmTryCompileExec1764896764.dir/testCCompiler.c.o
/usr/bin/cc    -o CMakeFiles/cmTryCompileExec1764896764.dir/testCCompiler.c.o   -c "/home/pointbach/Escritorio/Version 3/Cliente/build/CMakeFiles/CMakeTmp/testCCompiler.c"
Linking C executable cmTryCompileExec1764896764
/usr/local/bin/cmake -E cmake_link_script CMakeFiles/cmTryCompileExec1764896764.dir/link.txt --verbose=1
/usr/bin/cc      CMakeFiles/cmTryCompileExec1764896764.dir/testCCompiler.c.o  -o cmTryCompileExec1764896764 -rdynamic 
make[1]: se sale del directorio «/home/pointbach/Escritorio/Version 3/Cliente/build/CMakeFiles/CMakeTmp»


Detecting C compiler ABI info compiled with the following output:
Change Dir: /home/pointbach/Escritorio/Version 3/Cliente/build/CMakeFiles/CMakeTmp

Run Build Command:"/usr/bin/make" "cmTryCompileExec2143281819/fast"
/usr/bin/make -f CMakeFiles/cmTryCompileExec2143281819.dir/build.make CMakeFiles/cmTryCompileExec2143281819.dir/build
make[1]: se ingresa al directorio «/home/pointbach/Escritorio/Version 3/Cliente/build/CMakeFiles/CMakeTmp»
/usr/local/bin/cmake -E cmake_progress_report "/home/pointbach/Escritorio/Version 3/Cliente/build/CMakeFiles/CMakeTmp/CMakeFiles" 1
Building C object CMakeFiles/cmTryCompileExec2143281819.dir/CMakeCCompilerABI.c.o
/usr/bin/cc    -o CMakeFiles/cmTryCompileExec2143281819.dir/CMakeCCompilerABI.c.o   -c /usr/local/share/cmake-3.1/Modules/CMakeCCompilerABI.c
Linking C executable cmTryCompileExec2143281819
/usr/local/bin/cmake -E cmake_link_script CMakeFiles/cmTryCompileExec2143281819.dir/link.txt --verbose=1
/usr/bin/cc     -v CMakeFiles/cmTryCompileExec2143281819.dir/CMakeCCompilerABI.c.o  -o cmTryCompileExec2143281819 -rdynamic  
Using built-in specs.
COLLECT_GCC=/usr/bin/cc
COLLECT_LTO_WRAPPER=/usr/lib/gcc/x86_64-linux-gnu/4.8/lto-wrapper
Target: x86_64-linux-gnu
Configured with: ../src/configure -v --with-pkgversion='Ubuntu 4.8.2-19ubuntu1' --with-bugurl=file:///usr/share/doc/gcc-4.8/README.Bugs --enable-languages=c,c++,java,go,d,fortran,objc,obj-c++ --prefix=/usr --program-suffix=-4.8 --enable-shared --enable-linker-build-id --libexecdir=/usr/lib --without-included-gettext --enable-threads=posix --with-gxx-include-dir=/usr/include/c++/4.8 --libdir=/usr/lib --enable-nls --with-sysroot=/ --enable-clocale=gnu --enable-libstdcxx-debug --enable-libstdcxx-time=yes --enable-gnu-unique-object --disable-libmudflap --enable-plugin --with-system-zlib --disable-browser-plugin --enable-java-awt=gtk --enable-gtk-cairo --with-java-home=/usr/lib/jvm/java-1.5.0-gcj-4.8-amd64/jre --enable-java-home --with-jvm-root-dir=/usr/lib/jvm/java-1.5.0-gcj-4.8-amd64 --with-jvm-jar-dir=/usr/lib/jvm-exports/